{"in":"file:features/activity/ActivityRow.js","offset":1146,"replaced":"asset"}
{"in":"file:features/activity/ActivityRow.js","offset":2059,"replaced":"asset"}
{"in":"file:features/login/SeedPhraseRecovery.js","offset":6373,"replaced":"asset"}
{"in":"file:features/send/ChooseSendMax.js","offset":612,"replaced":"Asset"}
{"in":"file:features/send/ChooseSendMax.js","offset":982,"replaced":"Asset"}
{"in":"file:features/send/InputAssetMemo.js","offset":89,"replaced":"Asset"}
{"in":"file:features/send/InputAssetMemo.js","offset":671,"replaced":"Asset"}
{"in":"file:features/send/InputAssetQuantity.js","offset":42,"replaced":"Asset"}
{"in":"file:features/send/InputAssetQuantity.js","offset":401,"replaced":"Asset"}
{"in":"file:features/send/SelectAssetType.js","offset":325,"replaced":"asset"}
{"in":"file:features/send/SelectAssetType.js","offset":385,"replaced":"asset"}
{"in":"file:features/send/SelectAssetType.js","offset":395,"replaced":"asset"}
{"in":"file:features/send/SelectAssetType.js","offset":501,"replaced":"asset"}
{"in":"file:features/send/SelectAssetType.js","offset":769,"replaced":"asset"}
{"in":"file:features/send/SelectAssetType.js","offset":870,"replaced":"asset"}
{"in":"file:features/send/SelectAssetType.js","offset":1150,"replaced":"asset"}
{"in":"file:features/send/SelectAssetType.js","offset":1166,"replaced":"asset"}
{"in":"file:features/send/SelectAssetType.js","offset":1829,"replaced":"asset"}
{"in":"file:features/send/SelectAssetType.js","offset":1991,"replaced":"asset"}
{"in":"file:features/send/SelectAssetType.js","offset":2634,"replaced":"asset"}
{"in":"file:features/send/SelectAssetType.js","offset":2814,"replaced":"asset"}
{"in":"file:features/send/SelectAssetType.js","offset":313,"replaced":"Asset"}
{"in":"file:features/send/SelectAssetType.js","offset":671,"replaced":"Asset"}
{"in":"file:features/send/SelectAssetType.js","offset":1843,"replaced":"Asset"}
{"in":"file:features/send/SelectAssetType.js","offset":2859,"replaced":"Asset"}
{"in":"file:features/send/SendButton.js","offset":409,"replaced":"asset"}
{"in":"file:features/send/SendModal.js","offset":768,"replaced":"asset"}
{"in":"file:features/send/SendModal.js","offset":781,"replaced":"asset"}
{"in":"file:features/send/SendModal.js","offset":803,"replaced":"asset"}
{"in":"file:features/send/SendModal.js","offset":822,"replaced":"asset"}
{"in":"file:features/send/SendModal.js","offset":1181,"replaced":"asset"}
{"in":"file:features/send/SendModal.js","offset":1508,"replaced":"asset"}
{"in":"file:features/send/SendModal.js","offset":1633,"replaced":"asset"}
{"in":"file:features/send/SendModal.js","offset":1847,"replaced":"asset"}
{"in":"file:features/send/SendModal.js","offset":1860,"replaced":"asset"}
{"in":"file:features/send/SendModal.js","offset":2057,"replaced":"asset"}
{"in":"file:features/send/SendModal.js","offset":2598,"replaced":"asset"}
{"in":"file:features/send/SendModal.js","offset":2838,"replaced":"asset"}
{"in":"file:features/send/SendModal.js","offset":3058,"replaced":"asset"}
{"in":"file:features/send/SendModal.js","offset":3356,"replaced":"asset"}
{"in":"file:features/send/SendModal.js","offset":3371,"replaced":"asset"}
{"in":"file:features/send/SendModal.js","offset":3381,"replaced":"asset"}
{"in":"file:features/send/SendModal.js","offset":3414,"replaced":"asset"}
{"in":"file:features/send/SendModal.js","offset":3519,"replaced":"asset"}
{"in":"file:features/send/SendModal.js","offset":3643,"replaced":"asset"}
{"in":"file:features/send/SendModal.js","offset":4727,"replaced":"asset"}
{"in":"file:features/send/SendModal.js","offset":108,"replaced":"Asset"}
{"in":"file:features/send/SendModal.js","offset":132,"replaced":"Asset"}
{"in":"file:features/send/SendModal.js","offset":156,"replaced":"Asset"}
{"in":"file:features/send/SendModal.js","offset":183,"replaced":"Asset"}
{"in":"file:features/send/SendModal.js","offset":474,"replaced":"Asset"}
{"in":"file:features/send/SendModal.js","offset":497,"replaced":"Asset"}
{"in":"file:features/send/SendModal.js","offset":1006,"replaced":"Asset"}
{"in":"file:features/send/SendModal.js","offset":1167,"replaced":"Asset"}
{"in":"file:features/send/SendModal.js","offset":1423,"replaced":"Asset"}
{"in":"file:features/send/SendModal.js","offset":2722,"replaced":"Asset"}
{"in":"file:features/send/SendModal.js","offset":2936,"replaced":"Asset"}
{"in":"file:features/send/SendModal.js","offset":3147,"replaced":"Asset"}
{"in":"file:features/send/TradeModal.js","offset":1058,"replaced":"asset"}
{"in":"file:features/send/TradeModal.js","offset":3798,"replaced":"asset"}
{"in":"file:features/send/TradeModal.js","offset":3900,"replaced":"asset"}
{"in":"file:features/send/TradeModal.js","offset":3997,"replaced":"asset"}
{"in":"file:features/send/TradeModal.js","offset":4023,"replaced":"asset"}
{"in":"file:features/send/TradeModal.js","offset":5231,"replaced":"asset"}
{"in":"file:features/send/TradeModal.js","offset":5371,"replaced":"asset"}
{"in":"file:features/send/TradeModal.js","offset":108,"replaced":"Asset"}
{"in":"file:features/send/TradeModal.js","offset":132,"replaced":"Asset"}
{"in":"file:features/send/TradeModal.js","offset":156,"replaced":"Asset"}
{"in":"file:features/send/TradeModal.js","offset":183,"replaced":"Asset"}
{"in":"file:features/send/TradeModal.js","offset":474,"replaced":"Asset"}
{"in":"file:features/send/TradeModal.js","offset":497,"replaced":"Asset"}
{"in":"file:features/send/TradeModal.js","offset":922,"replaced":"Asset"}
{"in":"file:features/send/TradeModal.js","offset":1047,"replaced":"Asset"}
{"in":"file:features/send/TradeModal.js","offset":1802,"replaced":"Asset"}
{"in":"file:features/send/TradeModal.js","offset":1899,"replaced":"Asset"}
{"in":"file:features/send/TradeModal.js","offset":2054,"replaced":"Asset"}
{"in":"file:features/send/TradeModal.js","offset":2335,"replaced":"Asset"}
{"in":"file:features/send/TradeModal.js","offset":2444,"replaced":"Asset"}
{"in":"file:features/send/TradeModal.js","offset":2619,"replaced":"Asset"}
{"in":"file:features/send/TradeModal.js","offset":2812,"replaced":"Asset"}
{"in":"file:features/send/TradeModal.js","offset":3434,"replaced":"Asset"}
{"in":"file:features/send/TradeModal.js","offset":3472,"replaced":"Asset"}
{"in":"file:features/send/TradeModal.js","offset":3777,"replaced":"Asset"}
{"in":"file:features/send/TradeModal.js","offset":3793,"replaced":"Asset"}
{"in":"file:features/send/TradeModal.js","offset":3887,"replaced":"Asset"}
{"in":"file:features/send/TradeModal.js","offset":3900,"replaced":"Asset"}
{"in":"file:features/send/TradeModal.js","offset":4033,"replaced":"Asset"}
{"in":"path:features/send/InputAssetMemo.js","offset":5,"replaced":"Asset"}
{"rename":"features/send/InputAssetMemo.js","to":"features/send/InputInstrumentMemo.js"}
{"in":"path:features/send/InputAssetQuantity.js","offset":5,"replaced":"Asset"}
{"rename":"features/send/InputAssetQuantity.js","to":"features/send/InputInstrumentQuantity.js"}
{"in":"path:features/send/SelectAssetType.js","offset":6,"replaced":"Asset"}
{"rename":"features/send/SelectAssetType.js","to":"features/send/SelectInstrumentType.js"}
{"in":"file:features/treasury/BalanceRow.js","offset":335,"replaced":"asset"}
{"in":"file:features/treasury/BalanceRow.js","offset":529,"replaced":"asset"}
{"in":"file:features/treasury/BalanceRow.js","offset":725,"replaced":"asset"}
{"in":"file:features/treasury/BalanceRow.js","offset":1572,"replaced":"asset"}
{"in":"file:features/treasury/BalanceRow.js","offset":1802,"replaced":"asset"}
{"in":"file:features/treasury/BalanceRow.js","offset":2027,"replaced":"asset"}
{"in":"file:features/treasury/BalanceRow.js","offset":2229,"replaced":"asset"}
{"in":"file:features/treasury/BalanceRow.js","offset":2463,"replaced":"asset"}
{"in":"file:features/treasury/BalanceRow.js","offset":2562,"replaced":"asset"}
{"in":"file:features/treasury/BalanceRow.js","offset":2623,"replaced":"asset"}
{"in":"file:features/treasury/BalanceRow.js","offset":2914,"replaced":"asset"}
{"in":"file:features/treasury/BalanceRow.js","offset":2974,"replaced":"asset"}
{"in":"file:features/treasury/BalanceRow.js","offset":3070,"replaced":"asset"}
{"in":"file:features/treasury/BalanceRow.js","offset":3132,"replaced":"asset"}
{"in":"file:features/treasury/BalanceRow.js","offset":3287,"replaced":"asset"}
{"in":"file:features/treasury/BalanceRow.js","offset":3323,"replaced":"asset"}
{"in":"file:features/treasury/BalanceRow.js","offset":274,"replaced":"Asset"}
{"in":"file:features/treasury/TreasuryAsseTsTable.js","offset":900,"replaced":"asset"}
{"in":"file:features/treasury/TreasuryAsseTsTable.js","offset":1023,"replaced":"Asset"}
{"in":"file:features/treasury/TreasuryAsseTsTable.js","offset":374,"restored":"asset"}
{"in":"file:features/treasury/TreasuryAsseTsTable.js","offset":262,"restored":"Asset"}
{"in":"file:features/treasury/TreasuryInactiveTable.js","offset":872,"replaced":"asset"}
{"in":"file:features/treasury/TreasuryLiabilitiesTable.js","offset":909,"replaced":"asset"}
{"in":"file:features/treasury/TreasuryPage.js","offset":761,"restored":"asset"}
{"in":"file:features/treasury/TreasuryPage.js","offset":1795,"restored":"asset"}
{"in":"file:features/treasury/TreasuryPage.js","offset":2071,"restored":"asset"}
{"in":"file:features/treasury/TreasuryPage.js","offset":2210,"restored":"asset"}
{"in":"file:features/treasury/TreasuryPage.js","offset":3415,"restored":"asset"}
{"in":"file:features/treasury/TreasuryPage.js","offset":3804,"restored":"asset"}
{"in":"file:features/treasury/TreasuryPage.js","offset":355,"restored":"Asset"}
{"in":"file:features/treasury/TreasuryPage.js","offset":383,"restored":"Asset"}
{"in":"file:features/treasury/TreasuryPage.js","offset":2025,"restored":"Asset"}
{"in":"file:features/treasury/TreasuryPage.js","offset":3444,"restored":"Asset"}
{"in":"file:features/treasury/treasurySlice.js","offset":150,"restored":"asset"}
{"in":"path:features/treasury/TreasuryAsseTsTable.js","offset":8,"restored":"Asset"}
{"rename":"features/treasury/TreasuryAsseTsTable.js","to":"features/treasury/TreasuryAssetsTable.js"}
{"in":"file:screens/DashboardScreen.js","offset":3408,"replaced":"asset"}
{"in":"file:screens/DashboardScreen.js","offset":3718,"replaced":"asset"}
{"in":"file:utils/FormatQuantity.js","offset":138,"replaced":"asset"}
{"in":"file:utils/FormatQuantity.js","offset":225,"replaced":"asset"}
{"in":"file:utils/FormatQuantity.js","offset":279,"replaced":"asset"}
